<?xml version="1.0" encoding="UTF-8"?>
<testsuite xmlns:xsi="http://www.w3.org/2001/XMLSchema-instance" xsi:noNamespaceSchemaLocation="https://maven.apache.org/surefire/maven-surefire-plugin/xsd/surefire-test-report.xsd" name="ReactiveMongoTemplateIntegrationTest" time="3.028" tests="2" errors="0" skipped="0" failures="0">
  <properties>
    <property name="sun.desktop" value="gnome"/>
    <property name="awt.toolkit" value="sun.awt.X11.XToolkit"/>
    <property name="java.specification.version" value="11"/>
    <property name="sun.cpu.isalist" value=""/>
    <property name="sun.jnu.encoding" value="UTF-8"/>
    <property name="java.class.path" value="/home/sartori/Documentos/source/analisys-brazilian-stock/target/test-classes:/home/sartori/Documentos/source/analisys-brazilian-stock/target/classes:/home/sartori/.m2/repository/org/springframework/boot/spring-boot-starter-validation/2.4.4/spring-boot-starter-validation-2.4.4.jar:/home/sartori/.m2/repository/org/springframework/boot/spring-boot-starter/2.4.4/spring-boot-starter-2.4.4.jar:/home/sartori/.m2/repository/org/springframework/boot/spring-boot-starter-logging/2.4.4/spring-boot-starter-logging-2.4.4.jar:/home/sartori/.m2/repository/ch/qos/logback/logback-classic/1.2.3/logback-classic-1.2.3.jar:/home/sartori/.m2/repository/ch/qos/logback/logback-core/1.2.3/logback-core-1.2.3.jar:/home/sartori/.m2/repository/org/apache/logging/log4j/log4j-to-slf4j/2.13.3/log4j-to-slf4j-2.13.3.jar:/home/sartori/.m2/repository/org/apache/logging/log4j/log4j-api/2.13.3/log4j-api-2.13.3.jar:/home/sartori/.m2/repository/org/slf4j/jul-to-slf4j/1.7.30/jul-to-slf4j-1.7.30.jar:/home/sartori/.m2/repository/jakarta/annotation/jakarta.annotation-api/1.3.5/jakarta.annotation-api-1.3.5.jar:/home/sartori/.m2/repository/org/yaml/snakeyaml/1.27/snakeyaml-1.27.jar:/home/sartori/.m2/repository/org/glassfish/jakarta.el/3.0.3/jakarta.el-3.0.3.jar:/home/sartori/.m2/repository/org/hibernate/validator/hibernate-validator/6.1.7.Final/hibernate-validator-6.1.7.Final.jar:/home/sartori/.m2/repository/jakarta/validation/jakarta.validation-api/2.0.2/jakarta.validation-api-2.0.2.jar:/home/sartori/.m2/repository/org/jboss/logging/jboss-logging/3.4.1.Final/jboss-logging-3.4.1.Final.jar:/home/sartori/.m2/repository/org/springframework/boot/spring-boot-starter-web/2.4.4/spring-boot-starter-web-2.4.4.jar:/home/sartori/.m2/repository/org/springframework/boot/spring-boot-starter-json/2.4.4/spring-boot-starter-json-2.4.4.jar:/home/sartori/.m2/repository/com/fasterxml/jackson/datatype/jackson-datatype-jdk8/2.11.4/jackson-datatype-jdk8-2.11.4.jar:/home/sartori/.m2/repository/com/fasterxml/jackson/datatype/jackson-datatype-jsr310/2.11.4/jackson-datatype-jsr310-2.11.4.jar:/home/sartori/.m2/repository/com/fasterxml/jackson/module/jackson-module-parameter-names/2.11.4/jackson-module-parameter-names-2.11.4.jar:/home/sartori/.m2/repository/org/springframework/boot/spring-boot-starter-tomcat/2.4.4/spring-boot-starter-tomcat-2.4.4.jar:/home/sartori/.m2/repository/org/apache/tomcat/embed/tomcat-embed-core/9.0.44/tomcat-embed-core-9.0.44.jar:/home/sartori/.m2/repository/org/apache/tomcat/embed/tomcat-embed-websocket/9.0.44/tomcat-embed-websocket-9.0.44.jar:/home/sartori/.m2/repository/org/springframework/spring-web/5.3.5/spring-web-5.3.5.jar:/home/sartori/.m2/repository/org/springframework/spring-webmvc/5.3.5/spring-webmvc-5.3.5.jar:/home/sartori/.m2/repository/org/springframework/spring-aop/5.3.5/spring-aop-5.3.5.jar:/home/sartori/.m2/repository/com/fasterxml/jackson/module/jackson-module-kotlin/2.11.4/jackson-module-kotlin-2.11.4.jar:/home/sartori/.m2/repository/com/fasterxml/jackson/core/jackson-databind/2.11.4/jackson-databind-2.11.4.jar:/home/sartori/.m2/repository/com/fasterxml/jackson/core/jackson-core/2.11.4/jackson-core-2.11.4.jar:/home/sartori/.m2/repository/com/fasterxml/jackson/core/jackson-annotations/2.11.4/jackson-annotations-2.11.4.jar:/home/sartori/.m2/repository/org/jetbrains/kotlin/kotlin-reflect/1.4.31/kotlin-reflect-1.4.31.jar:/home/sartori/.m2/repository/org/jetbrains/kotlin/kotlin-stdlib/1.4.31/kotlin-stdlib-1.4.31.jar:/home/sartori/.m2/repository/org/jetbrains/annotations/13.0/annotations-13.0.jar:/home/sartori/.m2/repository/org/jetbrains/kotlin/kotlin-stdlib-jdk8/1.4.31/kotlin-stdlib-jdk8-1.4.31.jar:/home/sartori/.m2/repository/org/jetbrains/kotlin/kotlin-stdlib-jdk7/1.4.31/kotlin-stdlib-jdk7-1.4.31.jar:/home/sartori/.m2/repository/org/springframework/boot/spring-boot-devtools/2.4.4/spring-boot-devtools-2.4.4.jar:/home/sartori/.m2/repository/org/springframework/boot/spring-boot/2.4.4/spring-boot-2.4.4.jar:/home/sartori/.m2/repository/org/springframework/boot/spring-boot-autoconfigure/2.4.4/spring-boot-autoconfigure-2.4.4.jar:/home/sartori/.m2/repository/org/springframework/boot/spring-boot-starter-test/2.4.4/spring-boot-starter-test-2.4.4.jar:/home/sartori/.m2/repository/org/springframework/boot/spring-boot-test/2.4.4/spring-boot-test-2.4.4.jar:/home/sartori/.m2/repository/org/springframework/boot/spring-boot-test-autoconfigure/2.4.4/spring-boot-test-autoconfigure-2.4.4.jar:/home/sartori/.m2/repository/com/jayway/jsonpath/json-path/2.4.0/json-path-2.4.0.jar:/home/sartori/.m2/repository/net/minidev/json-smart/2.3/json-smart-2.3.jar:/home/sartori/.m2/repository/net/minidev/accessors-smart/1.2/accessors-smart-1.2.jar:/home/sartori/.m2/repository/org/ow2/asm/asm/5.0.4/asm-5.0.4.jar:/home/sartori/.m2/repository/jakarta/xml/bind/jakarta.xml.bind-api/2.3.3/jakarta.xml.bind-api-2.3.3.jar:/home/sartori/.m2/repository/jakarta/activation/jakarta.activation-api/1.2.2/jakarta.activation-api-1.2.2.jar:/home/sartori/.m2/repository/org/assertj/assertj-core/3.18.1/assertj-core-3.18.1.jar:/home/sartori/.m2/repository/org/hamcrest/hamcrest/2.2/hamcrest-2.2.jar:/home/sartori/.m2/repository/org/junit/jupiter/junit-jupiter/5.7.1/junit-jupiter-5.7.1.jar:/home/sartori/.m2/repository/org/junit/jupiter/junit-jupiter-api/5.7.1/junit-jupiter-api-5.7.1.jar:/home/sartori/.m2/repository/org/apiguardian/apiguardian-api/1.1.0/apiguardian-api-1.1.0.jar:/home/sartori/.m2/repository/org/opentest4j/opentest4j/1.2.0/opentest4j-1.2.0.jar:/home/sartori/.m2/repository/org/junit/platform/junit-platform-commons/1.7.1/junit-platform-commons-1.7.1.jar:/home/sartori/.m2/repository/org/junit/jupiter/junit-jupiter-params/5.7.1/junit-jupiter-params-5.7.1.jar:/home/sartori/.m2/repository/org/junit/jupiter/junit-jupiter-engine/5.7.1/junit-jupiter-engine-5.7.1.jar:/home/sartori/.m2/repository/org/junit/platform/junit-platform-engine/1.7.1/junit-platform-engine-1.7.1.jar:/home/sartori/.m2/repository/org/mockito/mockito-core/3.6.28/mockito-core-3.6.28.jar:/home/sartori/.m2/repository/net/bytebuddy/byte-buddy/1.10.22/byte-buddy-1.10.22.jar:/home/sartori/.m2/repository/net/bytebuddy/byte-buddy-agent/1.10.22/byte-buddy-agent-1.10.22.jar:/home/sartori/.m2/repository/org/objenesis/objenesis/3.1/objenesis-3.1.jar:/home/sartori/.m2/repository/org/mockito/mockito-junit-jupiter/3.6.28/mockito-junit-jupiter-3.6.28.jar:/home/sartori/.m2/repository/org/skyscreamer/jsonassert/1.5.0/jsonassert-1.5.0.jar:/home/sartori/.m2/repository/com/vaadin/external/google/android-json/0.0.20131108.vaadin1/android-json-0.0.20131108.vaadin1.jar:/home/sartori/.m2/repository/org/springframework/spring-core/5.3.5/spring-core-5.3.5.jar:/home/sartori/.m2/repository/org/springframework/spring-jcl/5.3.5/spring-jcl-5.3.5.jar:/home/sartori/.m2/repository/org/springframework/spring-test/5.3.5/spring-test-5.3.5.jar:/home/sartori/.m2/repository/org/xmlunit/xmlunit-core/2.7.0/xmlunit-core-2.7.0.jar:/home/sartori/.m2/repository/org/springframework/boot/spring-boot-starter-webflux/2.4.4/spring-boot-starter-webflux-2.4.4.jar:/home/sartori/.m2/repository/org/springframework/boot/spring-boot-starter-reactor-netty/2.4.4/spring-boot-starter-reactor-netty-2.4.4.jar:/home/sartori/.m2/repository/io/projectreactor/netty/reactor-netty-http/1.0.5/reactor-netty-http-1.0.5.jar:/home/sartori/.m2/repository/io/netty/netty-codec-http/4.1.60.Final/netty-codec-http-4.1.60.Final.jar:/home/sartori/.m2/repository/io/netty/netty-common/4.1.60.Final/netty-common-4.1.60.Final.jar:/home/sartori/.m2/repository/io/netty/netty-buffer/4.1.60.Final/netty-buffer-4.1.60.Final.jar:/home/sartori/.m2/repository/io/netty/netty-transport/4.1.60.Final/netty-transport-4.1.60.Final.jar:/home/sartori/.m2/repository/io/netty/netty-codec/4.1.60.Final/netty-codec-4.1.60.Final.jar:/home/sartori/.m2/repository/io/netty/netty-handler/4.1.60.Final/netty-handler-4.1.60.Final.jar:/home/sartori/.m2/repository/io/netty/netty-codec-http2/4.1.60.Final/netty-codec-http2-4.1.60.Final.jar:/home/sartori/.m2/repository/io/netty/netty-resolver-dns/4.1.60.Final/netty-resolver-dns-4.1.60.Final.jar:/home/sartori/.m2/repository/io/netty/netty-resolver/4.1.60.Final/netty-resolver-4.1.60.Final.jar:/home/sartori/.m2/repository/io/netty/netty-codec-dns/4.1.60.Final/netty-codec-dns-4.1.60.Final.jar:/home/sartori/.m2/repository/io/netty/netty-resolver-dns-native-macos/4.1.60.Final/netty-resolver-dns-native-macos-4.1.60.Final-osx-x86_64.jar:/home/sartori/.m2/repository/io/netty/netty-transport-native-unix-common/4.1.60.Final/netty-transport-native-unix-common-4.1.60.Final.jar:/home/sartori/.m2/repository/io/netty/netty-transport-native-epoll/4.1.60.Final/netty-transport-native-epoll-4.1.60.Final-linux-x86_64.jar:/home/sartori/.m2/repository/io/projectreactor/netty/reactor-netty-core/1.0.5/reactor-netty-core-1.0.5.jar:/home/sartori/.m2/repository/io/netty/netty-handler-proxy/4.1.60.Final/netty-handler-proxy-4.1.60.Final.jar:/home/sartori/.m2/repository/io/netty/netty-codec-socks/4.1.60.Final/netty-codec-socks-4.1.60.Final.jar:/home/sartori/.m2/repository/org/springframework/spring-webflux/5.3.5/spring-webflux-5.3.5.jar:/home/sartori/.m2/repository/org/jetbrains/kotlinx/kotlinx-coroutines-reactor/1.4.3/kotlinx-coroutines-reactor-1.4.3.jar:/home/sartori/.m2/repository/org/jetbrains/kotlinx/kotlinx-coroutines-core-jvm/1.4.3/kotlinx-coroutines-core-jvm-1.4.3.jar:/home/sartori/.m2/repository/io/projectreactor/reactor-core/3.4.4/reactor-core-3.4.4.jar:/home/sartori/.m2/repository/org/reactivestreams/reactive-streams/1.0.3/reactive-streams-1.0.3.jar:/home/sartori/.m2/repository/org/jetbrains/kotlinx/kotlinx-coroutines-reactive/1.4.3/kotlinx-coroutines-reactive-1.4.3.jar:/home/sartori/.m2/repository/io/projectreactor/kotlin/reactor-kotlin-extensions/1.1.3/reactor-kotlin-extensions-1.1.3.jar:/home/sartori/.m2/repository/io/projectreactor/reactor-test/3.4.4/reactor-test-3.4.4.jar:/home/sartori/.m2/repository/com/google/code/gson/gson/2.10.1/gson-2.10.1.jar:/home/sartori/.m2/repository/org/springframework/boot/spring-boot-starter-cache/2.4.4/spring-boot-starter-cache-2.4.4.jar:/home/sartori/.m2/repository/org/springframework/spring-context-support/5.3.5/spring-context-support-5.3.5.jar:/home/sartori/.m2/repository/org/springframework/boot/spring-boot-starter-data-mongodb-reactive/2.4.4/spring-boot-starter-data-mongodb-reactive-2.4.4.jar:/home/sartori/.m2/repository/org/mongodb/mongodb-driver-reactivestreams/4.1.2/mongodb-driver-reactivestreams-4.1.2.jar:/home/sartori/.m2/repository/org/mongodb/bson/4.1.2/bson-4.1.2.jar:/home/sartori/.m2/repository/org/springframework/data/spring-data-mongodb/3.1.6/spring-data-mongodb-3.1.6.jar:/home/sartori/.m2/repository/org/springframework/spring-tx/5.3.5/spring-tx-5.3.5.jar:/home/sartori/.m2/repository/org/springframework/spring-context/5.3.5/spring-context-5.3.5.jar:/home/sartori/.m2/repository/org/springframework/spring-beans/5.3.5/spring-beans-5.3.5.jar:/home/sartori/.m2/repository/org/springframework/spring-expression/5.3.5/spring-expression-5.3.5.jar:/home/sartori/.m2/repository/org/springframework/data/spring-data-commons/2.4.6/spring-data-commons-2.4.6.jar:/home/sartori/.m2/repository/org/mongodb/mongodb-driver-core/4.1.2/mongodb-driver-core-4.1.2.jar:/home/sartori/.m2/repository/org/slf4j/slf4j-api/1.7.30/slf4j-api-1.7.30.jar:/home/sartori/.m2/repository/io/springfox/springfox-boot-starter/3.0.0/springfox-boot-starter-3.0.0.jar:/home/sartori/.m2/repository/io/springfox/springfox-oas/3.0.0/springfox-oas-3.0.0.jar:/home/sartori/.m2/repository/io/swagger/core/v3/swagger-annotations/2.1.2/swagger-annotations-2.1.2.jar:/home/sartori/.m2/repository/io/swagger/core/v3/swagger-models/2.1.2/swagger-models-2.1.2.jar:/home/sartori/.m2/repository/io/springfox/springfox-core/3.0.0/springfox-core-3.0.0.jar:/home/sartori/.m2/repository/io/springfox/springfox-data-rest/3.0.0/springfox-data-rest-3.0.0.jar:/home/sartori/.m2/repository/io/springfox/springfox-bean-validators/3.0.0/springfox-bean-validators-3.0.0.jar:/home/sartori/.m2/repository/com/fasterxml/classmate/1.5.1/classmate-1.5.1.jar:/home/sartori/.m2/repository/org/springframework/plugin/spring-plugin-core/2.0.0.RELEASE/spring-plugin-core-2.0.0.RELEASE.jar:/home/sartori/.m2/repository/org/springframework/plugin/spring-plugin-metadata/2.0.0.RELEASE/spring-plugin-metadata-2.0.0.RELEASE.jar:/home/sartori/.m2/repository/org/projectlombok/lombok/1.18.32/lombok-1.18.32.jar:/home/sartori/.m2/repository/io/mockk/mockk/1.13.10/mockk-1.13.10.jar:/home/sartori/.m2/repository/io/mockk/mockk-dsl/1.13.10/mockk-dsl-1.13.10.jar:/home/sartori/.m2/repository/io/mockk/mockk-agent/1.13.10/mockk-agent-1.13.10.jar:/home/sartori/.m2/repository/io/mockk/mockk-agent-api/1.13.10/mockk-agent-api-1.13.10.jar:/home/sartori/.m2/repository/io/mockk/mockk-core/1.13.10/mockk-core-1.13.10.jar:/home/sartori/.m2/repository/org/jetbrains/kotlin/kotlin-stdlib-common/1.4.31/kotlin-stdlib-common-1.4.31.jar:/home/sartori/.m2/repository/io/springfox/springfox-swagger2/3.0.0/springfox-swagger2-3.0.0.jar:/home/sartori/.m2/repository/io/springfox/springfox-spi/3.0.0/springfox-spi-3.0.0.jar:/home/sartori/.m2/repository/io/springfox/springfox-schema/3.0.0/springfox-schema-3.0.0.jar:/home/sartori/.m2/repository/io/springfox/springfox-swagger-common/3.0.0/springfox-swagger-common-3.0.0.jar:/home/sartori/.m2/repository/io/springfox/springfox-spring-web/3.0.0/springfox-spring-web-3.0.0.jar:/home/sartori/.m2/repository/io/github/classgraph/classgraph/4.8.83/classgraph-4.8.83.jar:/home/sartori/.m2/repository/io/springfox/springfox-spring-webmvc/3.0.0/springfox-spring-webmvc-3.0.0.jar:/home/sartori/.m2/repository/io/springfox/springfox-spring-webflux/3.0.0/springfox-spring-webflux-3.0.0.jar:/home/sartori/.m2/repository/io/swagger/swagger-annotations/1.5.20/swagger-annotations-1.5.20.jar:/home/sartori/.m2/repository/io/swagger/swagger-models/1.5.20/swagger-models-1.5.20.jar:/home/sartori/.m2/repository/org/mapstruct/mapstruct/1.3.1.Final/mapstruct-1.3.1.Final.jar:/home/sartori/.m2/repository/io/springfox/springfox-swagger-ui/3.0.0/springfox-swagger-ui-3.0.0.jar:/home/sartori/.m2/repository/de/flapdoodle/embed/de.flapdoodle.embed.mongo/2.2.0/de.flapdoodle.embed.mongo-2.2.0.jar:/home/sartori/.m2/repository/de/flapdoodle/embed/de.flapdoodle.embed.process/2.1.2/de.flapdoodle.embed.process-2.1.2.jar:/home/sartori/.m2/repository/org/apache/commons/commons-lang3/3.11/commons-lang3-3.11.jar:/home/sartori/.m2/repository/net/java/dev/jna/jna/4.0.0/jna-4.0.0.jar:/home/sartori/.m2/repository/net/java/dev/jna/jna-platform/4.0.0/jna-platform-4.0.0.jar:/home/sartori/.m2/repository/org/apache/commons/commons-compress/1.18/commons-compress-1.18.jar:"/>
    <property name="java.vm.vendor" value="Eclipse Adoptium"/>
    <property name="sun.arch.data.model" value="64"/>
    <property name="java.vendor.url" value="https://adoptium.net/"/>
    <property name="user.timezone" value=""/>
    <property name="java.vm.specification.version" value="11"/>
    <property name="os.name" value="Linux"/>
    <property name="sun.java.launcher" value="SUN_STANDARD"/>
    <property name="user.country" value="BR"/>
    <property name="sun.boot.library.path" value="/home/sartori/.sdkman/candidates/java/11.0.23-tem/lib"/>
    <property name="sun.java.command" value="/home/sartori/Documentos/source/analisys-brazilian-stock/target/surefire/surefirebooter3320550759708844156.jar /home/sartori/Documentos/source/analisys-brazilian-stock/target/surefire 2024-10-06T21-08-18_378-jvmRun1 surefire317879562994489954tmp surefire_01942281210332045042tmp"/>
    <property name="jdk.debug" value="release"/>
    <property name="surefire.test.class.path" value="/home/sartori/Documentos/source/analisys-brazilian-stock/target/test-classes:/home/sartori/Documentos/source/analisys-brazilian-stock/target/classes:/home/sartori/.m2/repository/org/springframework/boot/spring-boot-starter-validation/2.4.4/spring-boot-starter-validation-2.4.4.jar:/home/sartori/.m2/repository/org/springframework/boot/spring-boot-starter/2.4.4/spring-boot-starter-2.4.4.jar:/home/sartori/.m2/repository/org/springframework/boot/spring-boot-starter-logging/2.4.4/spring-boot-starter-logging-2.4.4.jar:/home/sartori/.m2/repository/ch/qos/logback/logback-classic/1.2.3/logback-classic-1.2.3.jar:/home/sartori/.m2/repository/ch/qos/logback/logback-core/1.2.3/logback-core-1.2.3.jar:/home/sartori/.m2/repository/org/apache/logging/log4j/log4j-to-slf4j/2.13.3/log4j-to-slf4j-2.13.3.jar:/home/sartori/.m2/repository/org/apache/logging/log4j/log4j-api/2.13.3/log4j-api-2.13.3.jar:/home/sartori/.m2/repository/org/slf4j/jul-to-slf4j/1.7.30/jul-to-slf4j-1.7.30.jar:/home/sartori/.m2/repository/jakarta/annotation/jakarta.annotation-api/1.3.5/jakarta.annotation-api-1.3.5.jar:/home/sartori/.m2/repository/org/yaml/snakeyaml/1.27/snakeyaml-1.27.jar:/home/sartori/.m2/repository/org/glassfish/jakarta.el/3.0.3/jakarta.el-3.0.3.jar:/home/sartori/.m2/repository/org/hibernate/validator/hibernate-validator/6.1.7.Final/hibernate-validator-6.1.7.Final.jar:/home/sartori/.m2/repository/jakarta/validation/jakarta.validation-api/2.0.2/jakarta.validation-api-2.0.2.jar:/home/sartori/.m2/repository/org/jboss/logging/jboss-logging/3.4.1.Final/jboss-logging-3.4.1.Final.jar:/home/sartori/.m2/repository/org/springframework/boot/spring-boot-starter-web/2.4.4/spring-boot-starter-web-2.4.4.jar:/home/sartori/.m2/repository/org/springframework/boot/spring-boot-starter-json/2.4.4/spring-boot-starter-json-2.4.4.jar:/home/sartori/.m2/repository/com/fasterxml/jackson/datatype/jackson-datatype-jdk8/2.11.4/jackson-datatype-jdk8-2.11.4.jar:/home/sartori/.m2/repository/com/fasterxml/jackson/datatype/jackson-datatype-jsr310/2.11.4/jackson-datatype-jsr310-2.11.4.jar:/home/sartori/.m2/repository/com/fasterxml/jackson/module/jackson-module-parameter-names/2.11.4/jackson-module-parameter-names-2.11.4.jar:/home/sartori/.m2/repository/org/springframework/boot/spring-boot-starter-tomcat/2.4.4/spring-boot-starter-tomcat-2.4.4.jar:/home/sartori/.m2/repository/org/apache/tomcat/embed/tomcat-embed-core/9.0.44/tomcat-embed-core-9.0.44.jar:/home/sartori/.m2/repository/org/apache/tomcat/embed/tomcat-embed-websocket/9.0.44/tomcat-embed-websocket-9.0.44.jar:/home/sartori/.m2/repository/org/springframework/spring-web/5.3.5/spring-web-5.3.5.jar:/home/sartori/.m2/repository/org/springframework/spring-webmvc/5.3.5/spring-webmvc-5.3.5.jar:/home/sartori/.m2/repository/org/springframework/spring-aop/5.3.5/spring-aop-5.3.5.jar:/home/sartori/.m2/repository/com/fasterxml/jackson/module/jackson-module-kotlin/2.11.4/jackson-module-kotlin-2.11.4.jar:/home/sartori/.m2/repository/com/fasterxml/jackson/core/jackson-databind/2.11.4/jackson-databind-2.11.4.jar:/home/sartori/.m2/repository/com/fasterxml/jackson/core/jackson-core/2.11.4/jackson-core-2.11.4.jar:/home/sartori/.m2/repository/com/fasterxml/jackson/core/jackson-annotations/2.11.4/jackson-annotations-2.11.4.jar:/home/sartori/.m2/repository/org/jetbrains/kotlin/kotlin-reflect/1.4.31/kotlin-reflect-1.4.31.jar:/home/sartori/.m2/repository/org/jetbrains/kotlin/kotlin-stdlib/1.4.31/kotlin-stdlib-1.4.31.jar:/home/sartori/.m2/repository/org/jetbrains/annotations/13.0/annotations-13.0.jar:/home/sartori/.m2/repository/org/jetbrains/kotlin/kotlin-stdlib-jdk8/1.4.31/kotlin-stdlib-jdk8-1.4.31.jar:/home/sartori/.m2/repository/org/jetbrains/kotlin/kotlin-stdlib-jdk7/1.4.31/kotlin-stdlib-jdk7-1.4.31.jar:/home/sartori/.m2/repository/org/springframework/boot/spring-boot-devtools/2.4.4/spring-boot-devtools-2.4.4.jar:/home/sartori/.m2/repository/org/springframework/boot/spring-boot/2.4.4/spring-boot-2.4.4.jar:/home/sartori/.m2/repository/org/springframework/boot/spring-boot-autoconfigure/2.4.4/spring-boot-autoconfigure-2.4.4.jar:/home/sartori/.m2/repository/org/springframework/boot/spring-boot-starter-test/2.4.4/spring-boot-starter-test-2.4.4.jar:/home/sartori/.m2/repository/org/springframework/boot/spring-boot-test/2.4.4/spring-boot-test-2.4.4.jar:/home/sartori/.m2/repository/org/springframework/boot/spring-boot-test-autoconfigure/2.4.4/spring-boot-test-autoconfigure-2.4.4.jar:/home/sartori/.m2/repository/com/jayway/jsonpath/json-path/2.4.0/json-path-2.4.0.jar:/home/sartori/.m2/repository/net/minidev/json-smart/2.3/json-smart-2.3.jar:/home/sartori/.m2/repository/net/minidev/accessors-smart/1.2/accessors-smart-1.2.jar:/home/sartori/.m2/repository/org/ow2/asm/asm/5.0.4/asm-5.0.4.jar:/home/sartori/.m2/repository/jakarta/xml/bind/jakarta.xml.bind-api/2.3.3/jakarta.xml.bind-api-2.3.3.jar:/home/sartori/.m2/repository/jakarta/activation/jakarta.activation-api/1.2.2/jakarta.activation-api-1.2.2.jar:/home/sartori/.m2/repository/org/assertj/assertj-core/3.18.1/assertj-core-3.18.1.jar:/home/sartori/.m2/repository/org/hamcrest/hamcrest/2.2/hamcrest-2.2.jar:/home/sartori/.m2/repository/org/junit/jupiter/junit-jupiter/5.7.1/junit-jupiter-5.7.1.jar:/home/sartori/.m2/repository/org/junit/jupiter/junit-jupiter-api/5.7.1/junit-jupiter-api-5.7.1.jar:/home/sartori/.m2/repository/org/apiguardian/apiguardian-api/1.1.0/apiguardian-api-1.1.0.jar:/home/sartori/.m2/repository/org/opentest4j/opentest4j/1.2.0/opentest4j-1.2.0.jar:/home/sartori/.m2/repository/org/junit/platform/junit-platform-commons/1.7.1/junit-platform-commons-1.7.1.jar:/home/sartori/.m2/repository/org/junit/jupiter/junit-jupiter-params/5.7.1/junit-jupiter-params-5.7.1.jar:/home/sartori/.m2/repository/org/junit/jupiter/junit-jupiter-engine/5.7.1/junit-jupiter-engine-5.7.1.jar:/home/sartori/.m2/repository/org/junit/platform/junit-platform-engine/1.7.1/junit-platform-engine-1.7.1.jar:/home/sartori/.m2/repository/org/mockito/mockito-core/3.6.28/mockito-core-3.6.28.jar:/home/sartori/.m2/repository/net/bytebuddy/byte-buddy/1.10.22/byte-buddy-1.10.22.jar:/home/sartori/.m2/repository/net/bytebuddy/byte-buddy-agent/1.10.22/byte-buddy-agent-1.10.22.jar:/home/sartori/.m2/repository/org/objenesis/objenesis/3.1/objenesis-3.1.jar:/home/sartori/.m2/repository/org/mockito/mockito-junit-jupiter/3.6.28/mockito-junit-jupiter-3.6.28.jar:/home/sartori/.m2/repository/org/skyscreamer/jsonassert/1.5.0/jsonassert-1.5.0.jar:/home/sartori/.m2/repository/com/vaadin/external/google/android-json/0.0.20131108.vaadin1/android-json-0.0.20131108.vaadin1.jar:/home/sartori/.m2/repository/org/springframework/spring-core/5.3.5/spring-core-5.3.5.jar:/home/sartori/.m2/repository/org/springframework/spring-jcl/5.3.5/spring-jcl-5.3.5.jar:/home/sartori/.m2/repository/org/springframework/spring-test/5.3.5/spring-test-5.3.5.jar:/home/sartori/.m2/repository/org/xmlunit/xmlunit-core/2.7.0/xmlunit-core-2.7.0.jar:/home/sartori/.m2/repository/org/springframework/boot/spring-boot-starter-webflux/2.4.4/spring-boot-starter-webflux-2.4.4.jar:/home/sartori/.m2/repository/org/springframework/boot/spring-boot-starter-reactor-netty/2.4.4/spring-boot-starter-reactor-netty-2.4.4.jar:/home/sartori/.m2/repository/io/projectreactor/netty/reactor-netty-http/1.0.5/reactor-netty-http-1.0.5.jar:/home/sartori/.m2/repository/io/netty/netty-codec-http/4.1.60.Final/netty-codec-http-4.1.60.Final.jar:/home/sartori/.m2/repository/io/netty/netty-common/4.1.60.Final/netty-common-4.1.60.Final.jar:/home/sartori/.m2/repository/io/netty/netty-buffer/4.1.60.Final/netty-buffer-4.1.60.Final.jar:/home/sartori/.m2/repository/io/netty/netty-transport/4.1.60.Final/netty-transport-4.1.60.Final.jar:/home/sartori/.m2/repository/io/netty/netty-codec/4.1.60.Final/netty-codec-4.1.60.Final.jar:/home/sartori/.m2/repository/io/netty/netty-handler/4.1.60.Final/netty-handler-4.1.60.Final.jar:/home/sartori/.m2/repository/io/netty/netty-codec-http2/4.1.60.Final/netty-codec-http2-4.1.60.Final.jar:/home/sartori/.m2/repository/io/netty/netty-resolver-dns/4.1.60.Final/netty-resolver-dns-4.1.60.Final.jar:/home/sartori/.m2/repository/io/netty/netty-resolver/4.1.60.Final/netty-resolver-4.1.60.Final.jar:/home/sartori/.m2/repository/io/netty/netty-codec-dns/4.1.60.Final/netty-codec-dns-4.1.60.Final.jar:/home/sartori/.m2/repository/io/netty/netty-resolver-dns-native-macos/4.1.60.Final/netty-resolver-dns-native-macos-4.1.60.Final-osx-x86_64.jar:/home/sartori/.m2/repository/io/netty/netty-transport-native-unix-common/4.1.60.Final/netty-transport-native-unix-common-4.1.60.Final.jar:/home/sartori/.m2/repository/io/netty/netty-transport-native-epoll/4.1.60.Final/netty-transport-native-epoll-4.1.60.Final-linux-x86_64.jar:/home/sartori/.m2/repository/io/projectreactor/netty/reactor-netty-core/1.0.5/reactor-netty-core-1.0.5.jar:/home/sartori/.m2/repository/io/netty/netty-handler-proxy/4.1.60.Final/netty-handler-proxy-4.1.60.Final.jar:/home/sartori/.m2/repository/io/netty/netty-codec-socks/4.1.60.Final/netty-codec-socks-4.1.60.Final.jar:/home/sartori/.m2/repository/org/springframework/spring-webflux/5.3.5/spring-webflux-5.3.5.jar:/home/sartori/.m2/repository/org/jetbrains/kotlinx/kotlinx-coroutines-reactor/1.4.3/kotlinx-coroutines-reactor-1.4.3.jar:/home/sartori/.m2/repository/org/jetbrains/kotlinx/kotlinx-coroutines-core-jvm/1.4.3/kotlinx-coroutines-core-jvm-1.4.3.jar:/home/sartori/.m2/repository/io/projectreactor/reactor-core/3.4.4/reactor-core-3.4.4.jar:/home/sartori/.m2/repository/org/reactivestreams/reactive-streams/1.0.3/reactive-streams-1.0.3.jar:/home/sartori/.m2/repository/org/jetbrains/kotlinx/kotlinx-coroutines-reactive/1.4.3/kotlinx-coroutines-reactive-1.4.3.jar:/home/sartori/.m2/repository/io/projectreactor/kotlin/reactor-kotlin-extensions/1.1.3/reactor-kotlin-extensions-1.1.3.jar:/home/sartori/.m2/repository/io/projectreactor/reactor-test/3.4.4/reactor-test-3.4.4.jar:/home/sartori/.m2/repository/com/google/code/gson/gson/2.10.1/gson-2.10.1.jar:/home/sartori/.m2/repository/org/springframework/boot/spring-boot-starter-cache/2.4.4/spring-boot-starter-cache-2.4.4.jar:/home/sartori/.m2/repository/org/springframework/spring-context-support/5.3.5/spring-context-support-5.3.5.jar:/home/sartori/.m2/repository/org/springframework/boot/spring-boot-starter-data-mongodb-reactive/2.4.4/spring-boot-starter-data-mongodb-reactive-2.4.4.jar:/home/sartori/.m2/repository/org/mongodb/mongodb-driver-reactivestreams/4.1.2/mongodb-driver-reactivestreams-4.1.2.jar:/home/sartori/.m2/repository/org/mongodb/bson/4.1.2/bson-4.1.2.jar:/home/sartori/.m2/repository/org/springframework/data/spring-data-mongodb/3.1.6/spring-data-mongodb-3.1.6.jar:/home/sartori/.m2/repository/org/springframework/spring-tx/5.3.5/spring-tx-5.3.5.jar:/home/sartori/.m2/repository/org/springframework/spring-context/5.3.5/spring-context-5.3.5.jar:/home/sartori/.m2/repository/org/springframework/spring-beans/5.3.5/spring-beans-5.3.5.jar:/home/sartori/.m2/repository/org/springframework/spring-expression/5.3.5/spring-expression-5.3.5.jar:/home/sartori/.m2/repository/org/springframework/data/spring-data-commons/2.4.6/spring-data-commons-2.4.6.jar:/home/sartori/.m2/repository/org/mongodb/mongodb-driver-core/4.1.2/mongodb-driver-core-4.1.2.jar:/home/sartori/.m2/repository/org/slf4j/slf4j-api/1.7.30/slf4j-api-1.7.30.jar:/home/sartori/.m2/repository/io/springfox/springfox-boot-starter/3.0.0/springfox-boot-starter-3.0.0.jar:/home/sartori/.m2/repository/io/springfox/springfox-oas/3.0.0/springfox-oas-3.0.0.jar:/home/sartori/.m2/repository/io/swagger/core/v3/swagger-annotations/2.1.2/swagger-annotations-2.1.2.jar:/home/sartori/.m2/repository/io/swagger/core/v3/swagger-models/2.1.2/swagger-models-2.1.2.jar:/home/sartori/.m2/repository/io/springfox/springfox-core/3.0.0/springfox-core-3.0.0.jar:/home/sartori/.m2/repository/io/springfox/springfox-data-rest/3.0.0/springfox-data-rest-3.0.0.jar:/home/sartori/.m2/repository/io/springfox/springfox-bean-validators/3.0.0/springfox-bean-validators-3.0.0.jar:/home/sartori/.m2/repository/com/fasterxml/classmate/1.5.1/classmate-1.5.1.jar:/home/sartori/.m2/repository/org/springframework/plugin/spring-plugin-core/2.0.0.RELEASE/spring-plugin-core-2.0.0.RELEASE.jar:/home/sartori/.m2/repository/org/springframework/plugin/spring-plugin-metadata/2.0.0.RELEASE/spring-plugin-metadata-2.0.0.RELEASE.jar:/home/sartori/.m2/repository/org/projectlombok/lombok/1.18.32/lombok-1.18.32.jar:/home/sartori/.m2/repository/io/mockk/mockk/1.13.10/mockk-1.13.10.jar:/home/sartori/.m2/repository/io/mockk/mockk-dsl/1.13.10/mockk-dsl-1.13.10.jar:/home/sartori/.m2/repository/io/mockk/mockk-agent/1.13.10/mockk-agent-1.13.10.jar:/home/sartori/.m2/repository/io/mockk/mockk-agent-api/1.13.10/mockk-agent-api-1.13.10.jar:/home/sartori/.m2/repository/io/mockk/mockk-core/1.13.10/mockk-core-1.13.10.jar:/home/sartori/.m2/repository/org/jetbrains/kotlin/kotlin-stdlib-common/1.4.31/kotlin-stdlib-common-1.4.31.jar:/home/sartori/.m2/repository/io/springfox/springfox-swagger2/3.0.0/springfox-swagger2-3.0.0.jar:/home/sartori/.m2/repository/io/springfox/springfox-spi/3.0.0/springfox-spi-3.0.0.jar:/home/sartori/.m2/repository/io/springfox/springfox-schema/3.0.0/springfox-schema-3.0.0.jar:/home/sartori/.m2/repository/io/springfox/springfox-swagger-common/3.0.0/springfox-swagger-common-3.0.0.jar:/home/sartori/.m2/repository/io/springfox/springfox-spring-web/3.0.0/springfox-spring-web-3.0.0.jar:/home/sartori/.m2/repository/io/github/classgraph/classgraph/4.8.83/classgraph-4.8.83.jar:/home/sartori/.m2/repository/io/springfox/springfox-spring-webmvc/3.0.0/springfox-spring-webmvc-3.0.0.jar:/home/sartori/.m2/repository/io/springfox/springfox-spring-webflux/3.0.0/springfox-spring-webflux-3.0.0.jar:/home/sartori/.m2/repository/io/swagger/swagger-annotations/1.5.20/swagger-annotations-1.5.20.jar:/home/sartori/.m2/repository/io/swagger/swagger-models/1.5.20/swagger-models-1.5.20.jar:/home/sartori/.m2/repository/org/mapstruct/mapstruct/1.3.1.Final/mapstruct-1.3.1.Final.jar:/home/sartori/.m2/repository/io/springfox/springfox-swagger-ui/3.0.0/springfox-swagger-ui-3.0.0.jar:/home/sartori/.m2/repository/de/flapdoodle/embed/de.flapdoodle.embed.mongo/2.2.0/de.flapdoodle.embed.mongo-2.2.0.jar:/home/sartori/.m2/repository/de/flapdoodle/embed/de.flapdoodle.embed.process/2.1.2/de.flapdoodle.embed.process-2.1.2.jar:/home/sartori/.m2/repository/org/apache/commons/commons-lang3/3.11/commons-lang3-3.11.jar:/home/sartori/.m2/repository/net/java/dev/jna/jna/4.0.0/jna-4.0.0.jar:/home/sartori/.m2/repository/net/java/dev/jna/jna-platform/4.0.0/jna-platform-4.0.0.jar:/home/sartori/.m2/repository/org/apache/commons/commons-compress/1.18/commons-compress-1.18.jar:"/>
    <property name="sun.cpu.endian" value="little"/>
    <property name="user.home" value="/home/sartori"/>
    <property name="user.language" value="pt"/>
    <property name="java.specification.vendor" value="Oracle Corporation"/>
    <property name="java.version.date" value="2024-04-16"/>
    <property name="java.home" value="/home/sartori/.sdkman/candidates/java/11.0.23-tem"/>
    <property name="file.separator" value="/"/>
    <property name="basedir" value="/home/sartori/Documentos/source/analisys-brazilian-stock"/>
    <property name="java.vm.compressedOopsMode" value="Zero based"/>
    <property name="line.separator" value="&#10;"/>
    <property name="java.specification.name" value="Java Platform API Specification"/>
    <property name="java.vm.specification.vendor" value="Oracle Corporation"/>
    <property name="java.awt.graphicsenv" value="sun.awt.X11GraphicsEnvironment"/>
    <property name="surefire.real.class.path" value="/home/sartori/Documentos/source/analisys-brazilian-stock/target/surefire/surefirebooter3320550759708844156.jar"/>
    <property name="sun.management.compiler" value="HotSpot 64-Bit Tiered Compilers"/>
    <property name="java.runtime.version" value="11.0.23+9"/>
    <property name="user.name" value="sartori"/>
    <property name="path.separator" value=":"/>
    <property name="os.version" value="6.8.0-45-generic"/>
    <property name="java.runtime.name" value="OpenJDK Runtime Environment"/>
    <property name="file.encoding" value="UTF-8"/>
    <property name="java.vm.name" value="OpenJDK 64-Bit Server VM"/>
    <property name="java.vendor.version" value="Temurin-11.0.23+9"/>
    <property name="localRepository" value="/home/sartori/.m2/repository"/>
    <property name="java.vendor.url.bug" value="https://github.com/adoptium/adoptium-support/issues"/>
    <property name="java.io.tmpdir" value="/tmp"/>
    <property name="java.version" value="11.0.23"/>
    <property name="user.dir" value="/home/sartori/Documentos/source/analisys-brazilian-stock"/>
    <property name="os.arch" value="amd64"/>
    <property name="java.vm.specification.name" value="Java Virtual Machine Specification"/>
    <property name="java.awt.printerjob" value="sun.print.PSPrinterJob"/>
    <property name="sun.os.patch.level" value="unknown"/>
    <property name="java.library.path" value="/usr/java/packages/lib:/usr/lib64:/lib64:/lib:/usr/lib"/>
    <property name="java.vm.info" value="mixed mode"/>
    <property name="java.vendor" value="Eclipse Adoptium"/>
    <property name="java.vm.version" value="11.0.23+9"/>
    <property name="java.specification.maintenance.version" value="2"/>
    <property name="sun.io.unicode.encoding" value="UnicodeLittle"/>
    <property name="java.class.version" value="55.0"/>
  </properties>
  <testcase name="test saving and retrieving fundamentalStockRepository from MongoDB" classname="ReactiveMongoTemplateIntegrationTest" time="0.572"/>
  <testcase name="test saving and retrieving stockRepository from MongoDB" classname="ReactiveMongoTemplateIntegrationTest" time="0.052"/>
</testsuite>